2026-05-20 22:08:44 [INFO] Starting SMS daemon worker...
2026-05-20 22:08:45 [INFO] HTTP Request: POST https://jdsdpntrmovkpocrbako.supabase.co/rest/v1/system_logs "HTTP/2 201 Created"
2026-05-20 22:08:46 [INFO] HTTP Request: POST https://jdsdpntrmovkpocrbako.supabase.co/rest/v1/system_logs "HTTP/2 201 Created"
2026-05-20 22:08:46 [INFO] Heartbeat sent to Supabase.
2026-05-20 22:08:46 [INFO] Outside sending window (22:08). Skipping appointment check.
2026-05-20 22:08:46 [INFO] Sleeping for 10 minutes...
2026-05-20 22:09:23 [INFO] Starting SMS daemon worker...
2026-05-20 22:09:24 [INFO] HTTP Request: POST https://jdsdpntrmovkpocrbako.supabase.co/rest/v1/system_logs "HTTP/2 201 Created"
2026-05-20 22:09:24 [INFO] HTTP Request: POST https://jdsdpntrmovkpocrbako.supabase.co/rest/v1/system_logs "HTTP/2 201 Created"
2026-05-20 22:09:24 [INFO] Heartbeat sent to Supabase.
2026-05-20 22:09:24 [INFO] Outside sending window (22:09). Skipping appointment check.
2026-05-20 22:09:24 [INFO] Sleeping for 10 minutes...
2026-05-20 22:14:57 [INFO] Starting SMS daemon worker...
2026-05-20 22:14:58 [INFO] HTTP Request: POST https://jdsdpntrmovkpocrbako.supabase.co/rest/v1/system_logs "HTTP/2 201 Created"
2026-05-20 22:14:58 [INFO] HTTP Request: POST https://jdsdpntrmovkpocrbako.supabase.co/rest/v1/system_logs "HTTP/2 201 Created"
2026-05-20 22:14:58 [INFO] Heartbeat sent to Supabase.
2026-05-20 22:14:58 [INFO] Inside sending window (22:14). Checking appointments...
2026-05-20 22:14:58 [INFO] Window: 21.05.2026 Belgrade  |  UTC: 2026-05-20T22:00 → 2026-05-21T22:00
2026-05-20 22:14:58 [INFO] HTTP Request: GET https://jdsdpntrmovkpocrbako.supabase.co/rest/v1/appointments?select=id%2Cappointment_datetime%2Cpatients%28first_name%2Cphone%29&appointment_datetime=gte.2026-05-20T22%3A00%3A00%2B00%3A00&appointment_datetime=lt.2026-05-21T22%3A00%3A00%2B00%3A00&reminder_sent=eq.False "HTTP/2 200 OK"
2026-05-20 22:14:58 [INFO] Found 0 unreminded appointment(s).
2026-05-20 22:14:58 [INFO] Sleeping for 10 minutes...
2026-05-20 22:18:46 [INFO] HTTP Request: POST https://jdsdpntrmovkpocrbako.supabase.co/rest/v1/system_logs "HTTP/2 201 Created"
2026-05-20 22:18:46 [INFO] Heartbeat sent to Supabase.
2026-05-20 22:18:46 [INFO] Outside sending window (22:18). Skipping appointment check.
2026-05-20 22:18:46 [INFO] Sleeping for 10 minutes...
